%このファイルは日本語文字を含みます.
\BOOKMARK [0][-]{chapter*.1}{まえがき}{}% 1
\BOOKMARK [0][-]{chapter.1}{第1章 Re:VIEW Starterの独自機能}{}% 2
\BOOKMARK [1][-]{section.1.1}{1.1 原稿本文を書くための機能}{chapter.1}% 3
\BOOKMARK [2][-]{subsection.1.1.1}{1.1.1 強調}{section.1.1}% 4
\BOOKMARK [2][-]{subsection.1.1.2}{1.1.2 番号つきリストの機能強化}{section.1.1}% 5
\BOOKMARK [2][-]{subsection.1.1.3}{1.1.3 ノート}{section.1.1}% 6
\BOOKMARK [2][-]{subsection.1.1.4}{1.1.4 プログラムコード用のコマンドを統一}{section.1.1}% 7
\BOOKMARK [2][-]{subsection.1.1.5}{1.1.5 ターミナル画面を表す「//terminal」ブロック}{section.1.1}% 8
\BOOKMARK [2][-]{subsection.1.1.6}{1.1.6 プログラムコード中の長い行を自動的に折り返す}{section.1.1}% 9
\BOOKMARK [2][-]{subsection.1.1.7}{1.1.7 プログラムやターミナルの行番号を出力}{section.1.1}% 10
\BOOKMARK [2][-]{subsection.1.1.8}{1.1.8 ラベル指定なしでリスト番号を出力}{section.1.1}% 11
\BOOKMARK [2][-]{subsection.1.1.9}{1.1.9 キャプションなしでもリスト番号だけを出力}{section.1.1}% 12
\BOOKMARK [2][-]{subsection.1.1.10}{1.1.10 プログラムのキャプション直後の改ページを抑制}{section.1.1}% 13
\BOOKMARK [2][-]{subsection.1.1.11}{1.1.11 コラム内の脚注}{section.1.1}% 14
\BOOKMARK [2][-]{subsection.1.1.12}{1.1.12 右寄せ、左寄せ、センタリング}{section.1.1}% 15
\BOOKMARK [2][-]{subsection.1.1.13}{1.1.13 章の概要}{section.1.1}% 16
\BOOKMARK [2][-]{subsection.1.1.14}{1.1.14 図が次のページに送られるときにスペースを空けない}{section.1.1}% 17
\BOOKMARK [2][-]{subsection.1.1.15}{1.1.15 図のまわりを線で囲む}{section.1.1}% 18
\BOOKMARK [2][-]{subsection.1.1.16}{1.1.16 何もしない命令「@<letitgo>\173...\175」}{section.1.1}% 19
\BOOKMARK [2][-]{subsection.1.1.17}{1.1.17 章や項を参照する「@<secref>\173\175」}{section.1.1}% 20
\BOOKMARK [2][-]{subsection.1.1.18}{1.1.18 「@<chapref>\173\175」や「@<hd>\173\175」をリンクに}{section.1.1}% 21
\BOOKMARK [2][-]{subsection.1.1.19}{1.1.19 その他}{section.1.1}% 22
\BOOKMARK [1][-]{section.1.2}{1.2 レイアウトやデザインに関する変更や拡張}{chapter.1}% 23
\BOOKMARK [2][-]{subsection.1.2.1}{1.2.1 フォントサイズの変更に対応}{section.1.2}% 24
\BOOKMARK [2][-]{subsection.1.2.2}{1.2.2 A5サイズの指定に対応}{section.1.2}% 25
\BOOKMARK [2][-]{subsection.1.2.3}{1.2.3 本文の幅を全角40文字より長くできる}{section.1.2}% 26
\BOOKMARK [2][-]{subsection.1.2.4}{1.2.4 奇数ページと偶数ページで左右の余白を変える}{section.1.2}% 27
\BOOKMARK [2][-]{subsection.1.2.5}{1.2.5 ページ上部の余白を減らし、その分を本文の高さに追加}{section.1.2}% 28
\BOOKMARK [2][-]{subsection.1.2.6}{1.2.6 ソースコード表示用のフォントを変更}{section.1.2}% 29
\BOOKMARK [2][-]{subsection.1.2.7}{1.2.7 章や節のデザインを変更可能}{section.1.2}% 30
\BOOKMARK [2][-]{subsection.1.2.8}{1.2.8 章のタイトルページを作成可能}{section.1.2}% 31
\BOOKMARK [2][-]{subsection.1.2.9}{1.2.9 目次の文字を小さく、行間を狭く}{section.1.2}% 32
\BOOKMARK [2][-]{subsection.1.2.10}{1.2.10 キャプションのデザインを変更}{section.1.2}% 33
\BOOKMARK [2][-]{subsection.1.2.11}{1.2.11 引用のデザインを変更}{section.1.2}% 34
\BOOKMARK [2][-]{subsection.1.2.12}{1.2.12 ページヘッダーを変更}{section.1.2}% 35
\BOOKMARK [2][-]{subsection.1.2.13}{1.2.13 ページ番号のデザインを変更}{section.1.2}% 36
\BOOKMARK [2][-]{subsection.1.2.14}{1.2.14 箇条書きの行頭記号を変更}{section.1.2}% 37
\BOOKMARK [2][-]{subsection.1.2.15}{1.2.15 タイトルページと奥付を独立したファイルに}{section.1.2}% 38
\BOOKMARK [2][-]{subsection.1.2.16}{1.2.16 奥付が必ず最終ページになるよう修正}{section.1.2}% 39
\BOOKMARK [2][-]{subsection.1.2.17}{1.2.17 コラムがページまたぎする場合は横線を入れない}{section.1.2}% 40
\BOOKMARK [1][-]{section.1.3}{1.3 LaTeXのコマンドやスタイルファイルに関する機能}{chapter.1}% 41
\BOOKMARK [2][-]{subsection.1.3.1}{1.3.1 スタイルシートを追加}{section.1.3}% 42
\BOOKMARK [2][-]{subsection.1.3.2}{1.3.2 コンパイル時の出力を抑制}{section.1.3}% 43
\BOOKMARK [2][-]{subsection.1.3.3}{1.3.3 LaTeXコマンドにオプションを追加}{section.1.3}% 44
\BOOKMARK [2][-]{subsection.1.3.4}{1.3.4 実行するLaTeXコマンドをオプションつきで出力}{section.1.3}% 45
\BOOKMARK [2][-]{subsection.1.3.5}{1.3.5 PDF生成を高速化する}{section.1.3}% 46
\BOOKMARK [2][-]{subsection.1.3.6}{1.3.6 PDFにノンブルをつける}{section.1.3}% 47
\BOOKMARK [2][-]{subsection.1.3.7}{1.3.7 rakeコマンドのデフォルトタスクを指定する}{section.1.3}% 48
\BOOKMARK [0][-]{chapter.2}{第2章 Re:VIEW Starter FAQ}{}% 49
\BOOKMARK [1][-]{section.2.1}{2.1 コメント}{chapter.2}% 50
\BOOKMARK [2][-]{subsection.2.1.1}{2.1.1 範囲コメントはないの？}{section.2.1}% 51
\BOOKMARK [2][-]{subsection.2.1.2}{2.1.2 行コメントを使ったら勝手に段落が分かれたんだけど、なんで？}{section.2.1}% 52
\BOOKMARK [1][-]{section.2.2}{2.2 箇条書き}{chapter.2}% 53
\BOOKMARK [2][-]{subsection.2.2.1}{2.2.1 箇条書きで英単語が勝手に結合するんだけど？}{section.2.2}% 54
\BOOKMARK [2][-]{subsection.2.2.2}{2.2.2 順序つき箇条書きに「A.」や「a.」や「i.」を使いたい}{section.2.2}% 55
\BOOKMARK [2][-]{subsection.2.2.3}{2.2.3 順序つき箇条書きを入れ子にできない？}{section.2.2}% 56
\BOOKMARK [1][-]{section.2.3}{2.3 ブロック命令}{chapter.2}% 57
\BOOKMARK [2][-]{subsection.2.3.1}{2.3.1 ブロックの中に別のブロックを入れるとエラーになるよ？}{section.2.3}% 58
\BOOKMARK [2][-]{subsection.2.3.2}{2.3.2 ブロックの中に箇条書きを入れても反映されないよ？}{section.2.3}% 59
\BOOKMARK [2][-]{subsection.2.3.3}{2.3.3 「//info\173 ... //\175」のキャプションに「■メモ：」がつくんだけど？}{section.2.3}% 60
\BOOKMARK [1][-]{section.2.4}{2.4 ソースコード}{chapter.2}% 61
\BOOKMARK [2][-]{subsection.2.4.1}{2.4.1 ソースコードの見た目が崩れるんだけど？}{section.2.4}% 62
\BOOKMARK [2][-]{subsection.2.4.2}{2.4.2 コラム中のソースコードがページまたぎしてくれないよ？}{section.2.4}% 63
\BOOKMARK [2][-]{subsection.2.4.3}{2.4.3 ソースコードを別ファイルから読み込む方法はないの？}{section.2.4}% 64
\BOOKMARK [1][-]{section.2.5}{2.5 コンパイル}{chapter.2}% 65
\BOOKMARK [2][-]{subsection.2.5.1}{2.5.1 なんでLaTeXのコンパイルがいつも3回実行されるの？}{section.2.5}% 66
\BOOKMARK [2][-]{subsection.2.5.2}{2.5.2 コンパイルに時間かかりすぎ。もっと速くできない？}{section.2.5}% 67
\BOOKMARK [1][-]{section.2.6}{2.6 タイトルページ（大扉）}{chapter.2}% 68
\BOOKMARK [2][-]{subsection.2.6.1}{2.6.1 タイトルが長いので、指定した箇所で改行したいんだけど？}{section.2.6}% 69
\BOOKMARK [2][-]{subsection.2.6.2}{2.6.2 タイトルぺージがださい。もっとかっこよくならない？}{section.2.6}% 70
\BOOKMARK [1][-]{section.2.7}{2.7 その他}{chapter.2}% 71
\BOOKMARK [2][-]{subsection.2.7.1}{2.7.1 設定ファイルをいじったら、動かなくなった！}{section.2.7}% 72
\BOOKMARK [2][-]{subsection.2.7.2}{2.7.2 印刷用とタブレット用で設定を少し変えるにはどうするの？}{section.2.7}% 73
\BOOKMARK [0][-]{chapter.3}{第3章 みその章}{}% 74
\BOOKMARK [1][-]{section.3.1}{3.1 みそ見出し}{chapter.3}% 75
\BOOKMARK [0][-]{appendix*.19}{あとがき}{}% 76
\BOOKMARK [1][-]{section*.20}{著者紹介}{appendix*.19}% 77
